-------------------------------------------------------------------------------
Test set: com.demo.DemoControllerTest
-------------------------------------------------------------------------------
Tests run: 5, Failures: 1, Errors: 0, Skipped: 0, Time elapsed: 38.897 s <<< FAILURE! - in com.demo.DemoControllerTest
gitlab  Time elapsed: 7.057 s  <<< FAILURE!
java.lang.AssertionError: 
Response content
Expected: a string containing "GitLab"
     but: was "<!DOCTYPE html>
<html lang="en">

<head>
    <meta charset="UTF-8">
    <meta name="viewport" content="width=device-width,initial-scale=1.0">
    <link rel="stylesheet" href="https://cdnjs.cloudflare.com/ajax/libs/font-awesome/5.13.0/css/all.min.css"
        integrity="sha256-h20CPZ0QyXlBuAw7A+KluUYx/3pK+c7lYEpqLTlxjYQ=" crossorigin="anonymous" />
    <link rel="stylesheet" href="/styles/main.css" />
    <title>Demo App</title>
</head>

<body>
    <div class="container">
        <div class="bg2">
            <h2><i class="fas fa-frog"></i></h2>
            <p><a href="https://192.168.130.23">Artifactory</a></p>
        </div>
        <div class="bg2">
            <h2><i class="fas fa-database"></i></h2>
            <p><a href="https://192.168.130.21/pgadmin4">PG Admin</a></p>
        </div>
        <div class="bg2">
            <h2><i class="fas fa-database"></i></h2>
            <p><a href="https://192.168.130.21/adminer">Adminer</a></p>
        </div>
    </div>
</body>

</html>
"
	at com.demo.DemoControllerTest.gitlab(DemoControllerTest.java:28)

