<?xml version="1.0" encoding="UTF-8"?>
<testsuite xmlns:xsi="http://www.w3.org/2001/XMLSchema-instance" xsi:noNamespaceSchemaLocation="https://maven.apache.org/surefire/maven-surefire-plugin/xsd/surefire-test-report.xsd" name="com.demo.DemoControllerTest" time="38.897" tests="5" errors="0" skipped="0" failures="1">
  <properties>
[...]
</properties>
  <testcase name="gitlab" classname="com.demo.DemoControllerTest" time="7.057">
    <failure message="Response content&#10;Expected: a string containing &quot;GitLab&quot;&#10;     but: was &quot;&lt;!DOCTYPE html&gt;&#10;&lt;html lang=&quot;en&quot;&gt;&#10;&#10;&lt;head&gt;&#10;    &lt;meta charset=&quot;UTF-8&quot;&gt;&#10;    &lt;meta name=&quot;viewport&quot; content=&quot;width=device-width,initial-scale=1.0&quot;&gt;&#10;    &lt;link rel=&quot;stylesheet&quot; href=&quot;https://cdnjs.cloudflare.com/ajax/libs/font-awesome/5.13.0/css/all.min.css&quot;&#10;        integrity=&quot;sha256-h20CPZ0QyXlBuAw7A+KluUYx/3pK+c7lYEpqLTlxjYQ=&quot; crossorigin=&quot;anonymous&quot; /&gt;&#10;    &lt;link rel=&quot;stylesheet&quot; href=&quot;/styles/main.css&quot; /&gt;&#10;    &lt;title&gt;Demo App&lt;/title&gt;&#10;&lt;/head&gt;&#10;&#10;&lt;body&gt;&#10;    &lt;div class=&quot;container&quot;&gt;&#10;        &lt;div class=&quot;bg2&quot;&gt;&#10;            &lt;h2&gt;&lt;i class=&quot;fas fa-frog&quot;&gt;&lt;/i&gt;&lt;/h2&gt;&#10;            &lt;p&gt;&lt;a href=&quot;https://192.168.130.23&quot;&gt;Artifactory&lt;/a&gt;&lt;/p&gt;&#10;        &lt;/div&gt;&#10;        &lt;div class=&quot;bg2&quot;&gt;&#10;            &lt;h2&gt;&lt;i class=&quot;fas fa-database&quot;&gt;&lt;/i&gt;&lt;/h2&gt;&#10;            &lt;p&gt;&lt;a href=&quot;https://192.168.130.21/pgadmin4&quot;&gt;PG Admin&lt;/a&gt;&lt;/p&gt;&#10;        &lt;/div&gt;&#10;        &lt;div class=&quot;bg2&quot;&gt;&#10;            &lt;h2&gt;&lt;i class=&quot;fas fa-database&quot;&gt;&lt;/i&gt;&lt;/h2&gt;&#10;            &lt;p&gt;&lt;a href=&quot;https://192.168.130.21/adminer&quot;&gt;Adminer&lt;/a&gt;&lt;/p&gt;&#10;        &lt;/div&gt;&#10;    &lt;/div&gt;&#10;&lt;/body&gt;&#10;&#10;&lt;/html&gt;&#10;&quot;" type="java.lang.AssertionError"><![CDATA[java.lang.AssertionError: 
Response content
Expected: a string containing "GitLab"
     but: was "<!DOCTYPE html>
<html lang="en">

<head>
    <meta charset="UTF-8">
    <meta name="viewport" content="width=device-width,initial-scale=1.0">
    <link rel="stylesheet" href="https://cdnjs.cloudflare.com/ajax/libs/font-awesome/5.13.0/css/all.min.css"
        integrity="sha256-h20CPZ0QyXlBuAw7A+KluUYx/3pK+c7lYEpqLTlxjYQ=" crossorigin="anonymous" />
    <link rel="stylesheet" href="/styles/main.css" />
    <title>Demo App</title>
</head>

<body>
    <div class="container">
        <div class="bg2">
            <h2><i class="fas fa-frog"></i></h2>
            <p><a href="https://192.168.130.23">Artifactory</a></p>
        </div>
        <div class="bg2">
            <h2><i class="fas fa-database"></i></h2>
            <p><a href="https://192.168.130.21/pgadmin4">PG Admin</a></p>
        </div>
        <div class="bg2">
            <h2><i class="fas fa-database"></i></h2>
            <p><a href="https://192.168.130.21/adminer">Adminer</a></p>
        </div>
    </div>
</body>

</html>
"
	at com.demo.DemoControllerTest.gitlab(DemoControllerTest.java:28)
]]></failure>
    <system-out><![CDATA[07:18:30.771 [main] DEBUG org.springframework.test.context.BootstrapUtils - Instantiating CacheAwareContextLoaderDelegate from class [org.springframework.test.context.cache.DefaultCacheAwareContextLoaderDelegate]
07:18:30.866 [main] DEBUG org.springframework.test.context.BootstrapUtils - Instantiating BootstrapContext using constructor [public org.springframework.test.context.support.DefaultBootstrapContext(java.lang.Class,org.springframework.test.context.CacheAwareContextLoaderDelegate)]
07:18:31.143 [main] DEBUG org.springframework.test.context.BootstrapUtils - Instantiating TestContextBootstrapper for test class [com.demo.DemoControllerTest] from class [org.springframework.boot.test.autoconfigure.web.servlet.WebMvcTestContextBootstrapper]
07:18:31.279 [main] INFO org.springframework.boot.test.autoconfigure.web.servlet.WebMvcTestContextBootstrapper - Neither @ContextConfiguration nor @ContextHierarchy found for test class [com.demo.DemoControllerTest], using SpringBootContextLoader
07:18:31.294 [main] DEBUG org.springframework.test.context.support.AbstractContextLoader - Did not detect default resource location for test class [com.demo.DemoControllerTest]: class path resource [com/demo/DemoControllerTest-context.xml] does not exist
07:18:31.294 [main] DEBUG org.springframework.test.context.support.AbstractContextLoader - Did not detect default resource location for test class [com.demo.DemoControllerTest]: class path resource [com/demo/DemoControllerTestContext.groovy] does not exist
07:18:31.295 [main] INFO org.springframework.test.context.support.AbstractContextLoader - Could not detect default resource locations for test class [com.demo.DemoControllerTest]: no resource found for suffixes {-context.xml, Context.groovy}.
07:18:31.296 [main] INFO org.springframework.test.context.support.AnnotationConfigContextLoaderUtils - Could not detect default configuration classes for test class [com.demo.DemoControllerTest]: DemoControllerTest does not declare any static, non-private, non-final, nested classes annotated with @Configuration.
07:18:32.109 [main] DEBUG org.springframework.test.context.support.ActiveProfilesUtils - Could not find an 'annotation declaring class' for annotation type [org.springframework.test.context.ActiveProfiles] and class [com.demo.DemoControllerTest]
07:18:32.493 [main] DEBUG org.springframework.context.annotation.ClassPathScanningCandidateComponentProvider - Identified candidate component class: file [/home/vagrant/GitHub/cdaas-demo-app/target/classes/com/demo/DemoApplication.class]
07:18:32.495 [main] INFO org.springframework.boot.test.context.SpringBootTestContextBootstrapper - Found @SpringBootConfiguration com.demo.DemoApplication for test class com.demo.DemoControllerTest
07:18:32.523 [main] DEBUG org.springframework.boot.test.autoconfigure.web.servlet.WebMvcTestContextBootstrapper - @TestExecutionListeners is not present for class [com.demo.DemoControllerTest]: using defaults.
07:18:32.524 [main] INFO org.springframework.boot.test.autoconfigure.web.servlet.WebMvcTestContextBootstrapper - Loaded default TestExecutionListener class names from location [META-INF/spring.factories]: [org.springframework.boot.test.mock.mockito.MockitoTestExecutionListener, org.springframework.boot.test.mock.mockito.ResetMocksTestExecutionListener, org.springframework.boot.test.autoconfigure.restdocs.RestDocsTestExecutionListener, org.springframework.boot.test.autoconfigure.web.client.MockRestServiceServerResetTestExecutionListener, org.springframework.boot.test.autoconfigure.web.servlet.MockMvcPrintOnlyOnFailureTestExecutionListener, org.springframework.boot.test.autoconfigure.web.servlet.WebDriverTestExecutionListener, org.springframework.boot.test.autoconfigure.webservices.client.MockWebServiceServerTestExecutionListener, org.springframework.test.context.web.ServletTestExecutionListener, org.springframework.test.context.support.DirtiesContextBeforeModesTestExecutionListener, org.springframework.test.context.support.DependencyInjectionTestExecutionListener, org.springframework.test.context.support.DirtiesContextTestExecutionListener, org.springframework.test.context.transaction.TransactionalTestExecutionListener, org.springframework.test.context.jdbc.SqlScriptsTestExecutionListener, org.springframework.test.context.event.EventPublishingTestExecutionListener]
07:18:32.747 [main] DEBUG org.springframework.boot.test.autoconfigure.web.servlet.WebMvcTestContextBootstrapper - Skipping candidate TestExecutionListener [org.springframework.test.context.transaction.TransactionalTestExecutionListener] due to a missing dependency. Specify custom listener classes or make the default listener classes and their required dependencies available. Offending class: [org/springframework/transaction/TransactionDefinition]
07:18:32.749 [main] DEBUG org.springframework.boot.test.autoconfigure.web.servlet.WebMvcTestContextBootstrapper - Skipping candidate TestExecutionListener [org.springframework.test.context.jdbc.SqlScriptsTestExecutionListener] due to a missing dependency. Specify custom listener classes or make the default listener classes and their required dependencies available. Offending class: [org/springframework/transaction/interceptor/TransactionAttribute]
07:18:32.749 [main] INFO org.springframework.boot.test.autoconfigure.web.servlet.WebMvcTestContextBootstrapper - Using TestExecutionListeners: [org.springframework.test.context.web.ServletTestExecutionListener@41e1e210, org.springframework.test.context.support.DirtiesContextBeforeModesTestExecutionListener@be35cd9, org.springframework.boot.test.mock.mockito.MockitoTestExecutionListener@4944252c, org.springframework.boot.test.autoconfigure.SpringBootDependencyInjectionTestExecutionListener@44821a96, org.springframework.test.context.support.DirtiesContextTestExecutionListener@a3d8174, org.springframework.test.context.event.EventPublishingTestExecutionListener@1ba9117e, org.springframework.boot.test.mock.mockito.ResetMocksTestExecutionListener@732c2a62, org.springframework.boot.test.autoconfigure.restdocs.RestDocsTestExecutionListener@272ed83b, org.springframework.boot.test.autoconfigure.web.client.MockRestServiceServerResetTestExecutionListener@41fecb8b, org.springframework.boot.test.autoconfigure.web.servlet.MockMvcPrintOnlyOnFailureTestExecutionListener@120f102b, org.springframework.boot.test.autoconfigure.web.servlet.WebDriverTestExecutionListener@625732, org.springframework.boot.test.autoconfigure.webservices.client.MockWebServiceServerTestExecutionListener@51dcb805]
07:18:32.783 [main] DEBUG org.springframework.test.context.support.AbstractDirtiesContextTestExecutionListener - Before test class: context [DefaultTestContext@1a4013 testClass = DemoControllerTest, testInstance = [null], testMethod = [null], testException = [null], mergedContextConfiguration = [WebMergedContextConfiguration@1b6e1eff testClass = DemoControllerTest, locations = '{}', classes = '{class com.demo.DemoApplication}', contextInitializerClasses = '[]', activeProfiles = '{}', propertySourceLocations = '{}', propertySourceProperties = '{org.springframework.boot.test.autoconfigure.web.servlet.WebMvcTestContextBootstrapper=true}', contextCustomizers = set[[ImportsContextCustomizer@306f16f3 key = [org.springframework.boot.autoconfigure.cache.CacheAutoConfiguration, org.springframework.boot.autoconfigure.context.MessageSourceAutoConfiguration, org.springframework.boot.autoconfigure.data.web.SpringDataWebAutoConfiguration, org.springframework.boot.autoconfigure.freemarker.FreeMarkerAutoConfiguration, org.springframework.boot.autoconfigure.groovy.template.GroovyTemplateAutoConfiguration, org.springframework.boot.autoconfigure.gson.GsonAutoConfiguration, org.springframework.boot.autoconfigure.hateoas.HypermediaAutoConfiguration, org.springframework.boot.autoconfigure.http.HttpMessageConvertersAutoConfiguration, org.springframework.boot.autoconfigure.jackson.JacksonAutoConfiguration, org.springframework.boot.autoconfigure.jsonb.JsonbAutoConfiguration, org.springframework.boot.autoconfigure.mustache.MustacheAutoConfiguration, org.springframework.boot.autoconfigure.task.TaskExecutionAutoConfiguration, org.springframework.boot.autoconfigure.thymeleaf.ThymeleafAutoConfiguration, org.springframework.boot.autoconfigure.validation.ValidationAutoConfiguration, org.springframework.boot.autoconfigure.web.servlet.error.ErrorMvcAutoConfiguration, org.springframework.boot.autoconfigure.web.servlet.HttpEncodingAutoConfiguration, org.springframework.boot.autoconfigure.web.servlet.WebMvcAutoConfiguration, org.springframework.boot.test.autoconfigure.web.servlet.MockMvcAutoConfiguration, org.springframework.boot.test.autoconfigure.web.servlet.MockMvcWebClientAutoConfiguration, org.springframework.boot.test.autoconfigure.web.servlet.MockMvcWebDriverAutoConfiguration, org.springframework.boot.autoconfigure.security.oauth2.client.servlet.OAuth2ClientAutoConfiguration, org.springframework.boot.autoconfigure.security.oauth2.resource.servlet.OAuth2ResourceServerAutoConfiguration, org.springframework.boot.autoconfigure.security.servlet.SecurityAutoConfiguration, org.springframework.boot.autoconfigure.security.servlet.SecurityFilterAutoConfiguration, org.springframework.boot.autoconfigure.security.servlet.UserDetailsServiceAutoConfiguration, org.springframework.boot.test.autoconfigure.web.servlet.MockMvcSecurityConfiguration]], org.springframework.boot.test.context.filter.ExcludeFilterContextCustomizer@145f66e3, org.springframework.boot.test.json.DuplicateJsonObjectContextCustomizerFactory$DuplicateJsonObjectContextCustomizer@4562e04d, org.springframework.boot.test.mock.mockito.MockitoContextCustomizer@0, org.springframework.boot.test.autoconfigure.OverrideAutoConfigurationContextCustomizerFactory$DisableAutoConfigurationContextCustomizer@14cd1699, org.springframework.boot.test.autoconfigure.actuate.metrics.MetricsExportContextCustomizerFactory$DisableMetricExportContextCustomizer@4802796d, org.springframework.boot.test.autoconfigure.filter.TypeExcludeFiltersContextCustomizer@d90f3952, org.springframework.boot.test.autoconfigure.properties.PropertyMappingContextCustomizer@46a9aa5c, org.springframework.boot.test.autoconfigure.web.servlet.WebDriverContextCustomizerFactory$Customizer@489115ef, org.springframework.boot.test.context.SpringBootTestArgs@1, org.springframework.boot.test.context.SpringBootTestWebEnvironment@0], resourceBasePath = 'src/main/webapp', contextLoader = 'org.springframework.boot.test.context.SpringBootContextLoader', parent = [null]], attributes = map[[empty]]], class annotated with @DirtiesContext [false] with mode [null].
07:18:33.194 [main] DEBUG org.springframework.test.context.support.DependencyInjectionTestExecutionListener - Performing dependency injection for test context [[DefaultTestContext@1a4013 testClass = DemoControllerTest, testInstance = com.demo.DemoControllerTest@63a12c68, testMethod = [null], testException = [null], mergedContextConfiguration = [WebMergedContextConfiguration@1b6e1eff testClass = DemoControllerTest, locations = '{}', classes = '{class com.demo.DemoApplication}', contextInitializerClasses = '[]', activeProfiles = '{}', propertySourceLocations = '{}', propertySourceProperties = '{org.springframework.boot.test.autoconfigure.web.servlet.WebMvcTestContextBootstrapper=true}', contextCustomizers = set[[ImportsContextCustomizer@306f16f3 key = [org.springframework.boot.autoconfigure.cache.CacheAutoConfiguration, org.springframework.boot.autoconfigure.context.MessageSourceAutoConfiguration, org.springframework.boot.autoconfigure.data.web.SpringDataWebAutoConfiguration, org.springframework.boot.autoconfigure.freemarker.FreeMarkerAutoConfiguration, org.springframework.boot.autoconfigure.groovy.template.GroovyTemplateAutoConfiguration, org.springframework.boot.autoconfigure.gson.GsonAutoConfiguration, org.springframework.boot.autoconfigure.hateoas.HypermediaAutoConfiguration, org.springframework.boot.autoconfigure.http.HttpMessageConvertersAutoConfiguration, org.springframework.boot.autoconfigure.jackson.JacksonAutoConfiguration, org.springframework.boot.autoconfigure.jsonb.JsonbAutoConfiguration, org.springframework.boot.autoconfigure.mustache.MustacheAutoConfiguration, org.springframework.boot.autoconfigure.task.TaskExecutionAutoConfiguration, org.springframework.boot.autoconfigure.thymeleaf.ThymeleafAutoConfiguration, org.springframework.boot.autoconfigure.validation.ValidationAutoConfiguration, org.springframework.boot.autoconfigure.web.servlet.error.ErrorMvcAutoConfiguration, org.springframework.boot.autoconfigure.web.servlet.HttpEncodingAutoConfiguration, org.springframework.boot.autoconfigure.web.servlet.WebMvcAutoConfiguration, org.springframework.boot.test.autoconfigure.web.servlet.MockMvcAutoConfiguration, org.springframework.boot.test.autoconfigure.web.servlet.MockMvcWebClientAutoConfiguration, org.springframework.boot.test.autoconfigure.web.servlet.MockMvcWebDriverAutoConfiguration, org.springframework.boot.autoconfigure.security.oauth2.client.servlet.OAuth2ClientAutoConfiguration, org.springframework.boot.autoconfigure.security.oauth2.resource.servlet.OAuth2ResourceServerAutoConfiguration, org.springframework.boot.autoconfigure.security.servlet.SecurityAutoConfiguration, org.springframework.boot.autoconfigure.security.servlet.SecurityFilterAutoConfiguration, org.springframework.boot.autoconfigure.security.servlet.UserDetailsServiceAutoConfiguration, org.springframework.boot.test.autoconfigure.web.servlet.MockMvcSecurityConfiguration]], org.springframework.boot.test.context.filter.ExcludeFilterContextCustomizer@145f66e3, org.springframework.boot.test.json.DuplicateJsonObjectContextCustomizerFactory$DuplicateJsonObjectContextCustomizer@4562e04d, org.springframework.boot.test.mock.mockito.MockitoContextCustomizer@0, org.springframework.boot.test.autoconfigure.OverrideAutoConfigurationContextCustomizerFactory$DisableAutoConfigurationContextCustomizer@14cd1699, org.springframework.boot.test.autoconfigure.actuate.metrics.MetricsExportContextCustomizerFactory$DisableMetricExportContextCustomizer@4802796d, org.springframework.boot.test.autoconfigure.filter.TypeExcludeFiltersContextCustomizer@d90f3952, org.springframework.boot.test.autoconfigure.properties.PropertyMappingContextCustomizer@46a9aa5c, org.springframework.boot.test.autoconfigure.web.servlet.WebDriverContextCustomizerFactory$Customizer@489115ef, org.springframework.boot.test.context.SpringBootTestArgs@1, org.springframework.boot.test.context.SpringBootTestWebEnvironment@0], resourceBasePath = 'src/main/webapp', contextLoader = 'org.springframework.boot.test.context.SpringBootContextLoader', parent = [null]], attributes = map[[empty]]]].
07:18:33.687 [main] DEBUG org.springframework.test.context.support.TestPropertySourceUtils - Adding inlined properties to environment: {spring.jmx.enabled=false, org.springframework.boot.test.autoconfigure.web.servlet.WebMvcTestContextBootstrapper=true}

  .   ____          _            __ _ _
 /\\ / ___'_ __ _ _(_)_ __  __ _ \ \ \ \
( ( )\___ | '_ | '_| | '_ \/ _` | \ \ \ \
 \\/  ___)| |_)| | | | | || (_| |  ) ) ) )
  '  |____| .__|_| |_|_| |_\__, | / / / /
 =========|_|==============|___/=/_/_/_/
 :: Spring Boot ::                (v2.4.0)

2021-03-31 07:18:36.609  INFO 3833 --- [           main] com.demo.DemoControllerTest              : Starting DemoControllerTest using Java 1.8.0_282 on a2 with PID 3833 (started by root in /home/vagrant/GitHub/cdaas-demo-app)
2021-03-31 07:18:36.634  INFO 3833 --- [           main] com.demo.DemoControllerTest              : No active profile set, falling back to default profiles: default
2021-03-31 07:18:55.445  INFO 3833 --- [           main] o.s.s.concurrent.ThreadPoolTaskExecutor  : Initializing ExecutorService 'applicationTaskExecutor'
2021-03-31 07:18:59.096  INFO 3833 --- [           main] o.s.b.a.w.s.WelcomePageHandlerMapping    : Adding welcome page template: index
2021-03-31 07:19:01.201  INFO 3833 --- [           main] o.s.b.t.m.w.SpringBootMockServletContext : Initializing Spring TestDispatcherServlet ''
2021-03-31 07:19:01.201  INFO 3833 --- [           main] o.s.t.web.servlet.TestDispatcherServlet  : Initializing Servlet ''
2021-03-31 07:19:01.204  INFO 3833 --- [           main] o.s.t.web.servlet.TestDispatcherServlet  : Completed initialization in 2 ms
2021-03-31 07:19:01.554  INFO 3833 --- [           main] com.demo.DemoControllerTest              : Started DemoControllerTest in 27.706 seconds (JVM running for 34.328)

MockHttpServletRequest:
      HTTP Method = GET
      Request URI = /
       Parameters = {}
          Headers = []
             Body = null
    Session Attrs = {}

Handler:
             Type = org.springframework.web.servlet.mvc.ParameterizableViewController

Async:
    Async started = false
     Async result = null

Resolved Exception:
             Type = null

ModelAndView:
        View name = index
             View = null
            Model = null

FlashMap:
       Attributes = null

MockHttpServletResponse:
           Status = 200
    Error message = null
          Headers = [Content-Language:"en", Content-Type:"text/html;charset=UTF-8"]
     Content type = text/html;charset=UTF-8
             Body = <!DOCTYPE html>
<html lang="en">

<head>
    <meta charset="UTF-8">
    <meta name="viewport" content="width=device-width,initial-scale=1.0">
    <link rel="stylesheet" href="https://cdnjs.cloudflare.com/ajax/libs/font-awesome/5.13.0/css/all.min.css"
        integrity="sha256-h20CPZ0QyXlBuAw7A+KluUYx/3pK+c7lYEpqLTlxjYQ=" crossorigin="anonymous" />
    <link rel="stylesheet" href="/styles/main.css" />
    <title>Demo App</title>
</head>

<body>
    <div class="container">
        <div class="bg2">
            <h2><i class="fas fa-frog"></i></h2>
            <p><a href="https://192.168.130.23">Artifactory</a></p>
        </div>
        <div class="bg2">
            <h2><i class="fas fa-database"></i></h2>
            <p><a href="https://192.168.130.21/pgadmin4">PG Admin</a></p>
        </div>
        <div class="bg2">
            <h2><i class="fas fa-database"></i></h2>
            <p><a href="https://192.168.130.21/adminer">Adminer</a></p>
        </div>
    </div>
</body>

</html>

    Forwarded URL = null
   Redirected URL = null
          Cookies = []
]]></system-out>
  </testcase>
  <testcase name="adminer" classname="com.demo.DemoControllerTest" time="0"/>
  <testcase name="artifactory" classname="com.demo.DemoControllerTest" time="0.004"/>
  <testcase name="pgadmin" classname="com.demo.DemoControllerTest" time="0.024"/>
  <testcase name="cdaas" classname="com.demo.DemoControllerTest" time="0.005"/>
</testsuite>